<!DOCTYPE html PUBLIC "-//W3C//DTD XHTML 1.1//EN" "https://www.w3.org/TR/xhtml11/DTD/xhtml11.dtd">
<html xmlns="https://www.w3.org/1999/xhtml">
<head>
<meta http-equiv="content-type" content="text/html; charset=UTF-8"/>
<title>TestNG Report</title>
<style type="text/css">table {margin-bottom:10px;border-collapse:collapse;empty-cells:show}th,td {border:1px solid #009;padding:.25em .5em}th {vertical-align:bottom}td {vertical-align:top}table a {font-weight:bold}.stripe td {background-color: #E6EBF9}.num {text-align:right}.passedodd td {background-color: #3F3}.passedeven td {background-color: #0A0}.skippedodd td {background-color: #DDD}.skippedeven td {background-color: #CCC}.failedodd td,.attn {background-color: #F33}.failedeven td,.stripe .attn {background-color: #D00}.stacktrace {white-space:pre;font-family:monospace}.totop {font-size:85%;text-align:center;border-bottom:2px solid #000}.invisible {display:none}</style>
</head>
<body>
<table>
<tr><th>Test</th><th># Passed</th><th># Skipped</th><th># Retried</th><th># Failed</th><th>Time (ms)</th><th>Included Groups</th><th>Excluded Groups</th></tr>
<tr><th colspan="8">Booking XML Test suite</th></tr>
<tr><td><a href="#t0">Booking tests</a></td><td class="num">1</td><td class="num">0</td><td class="num">0</td><td class="num attn">12</td><td class="num">21,812</td><td></td><td></td></tr>
</table>
<table id='summary'><thead><tr><th>Class</th><th>Method</th><th>Start</th><th>Time (ms)</th></tr></thead><tbody><tr><th colspan="4">Booking XML Test suite</th></tr></tbody><tbody id="t0"><tr><th colspan="4">Booking tests &#8212; failed (configuration methods)</th></tr><tr class="failedeven"><td rowspan="1">tests.TestNGTests.MyBookingLondonScreenshotsNGTest</td><td><a href="#m0">closeDriver</a></td><td rowspan="1">1714159361519</td><td rowspan="1">1</td></tr><tr class="failedodd"><td rowspan="1">tests.TestNGTests.MyBookingMaxRatingCssNGTest</td><td><a href="#m1">closeDriver</a></td><td rowspan="1">1714159361525</td><td rowspan="1">1</td></tr><tr class="failedeven"><td rowspan="1">tests.TestNGTests.MyBookingMaxRatingXPathNGTest</td><td><a href="#m2">closeDriver</a></td><td rowspan="1">1714159361528</td><td rowspan="1">0</td></tr><tr class="failedodd"><td rowspan="1">tests.TestNGTests.MyBookingParisCheckRatingCssNGTest</td><td><a href="#m3">closeDriver</a></td><td rowspan="1">1714159361530</td><td rowspan="1">1</td></tr><tr class="failedeven"><td rowspan="1">tests.TestNGTests.MyBookingParisCheckRatingXPathNGTest</td><td><a href="#m4">closeDriver</a></td><td rowspan="1">1714159361532</td><td rowspan="1">1</td></tr><tr class="failedodd"><td rowspan="1">tests.TestNGTests.MyDemoQATasksNGTest</td><td><a href="#m5">closeDriver</a></td><td rowspan="1">1714159361539</td><td rowspan="1">0</td></tr><tr class="failedeven"><td rowspan="1">tests.TestNGTests.MyW3schoolsAndGoogleSearchNGTest</td><td><a href="#m6">closeDriver</a></td><td rowspan="1">1714159361541</td><td rowspan="1">1</td></tr><tr><th colspan="4">Booking tests &#8212; failed</th></tr><tr class="failedeven"><td rowspan="1">tests.TestNGTests.MyBookingHoverCheckNGTest</td><td><a href="#m7">checkCheckAltTextLanguage</a></td><td rowspan="1">1714159347494</td><td rowspan="1">13738</td></tr><tr class="failedodd"><td rowspan="1">tests.TestNGTests.MyBookingLondonScreenshotsNGTest</td><td><a href="#m8">checkMyBookingLondonScreenshots</a></td><td rowspan="1">1714159361514</td><td rowspan="1">5</td></tr><tr class="failedeven"><td rowspan="1">tests.TestNGTests.MyBookingMaxRatingCssNGTest</td><td><a href="#m9">checkBookingMaxRatingCss</a></td><td rowspan="1">1714159361523</td><td rowspan="1">1</td></tr><tr class="failedodd"><td rowspan="1">tests.TestNGTests.MyBookingMaxRatingXPathNGTest</td><td><a href="#m10">checkBookingMaxRatingXPath</a></td><td rowspan="1">1714159361527</td><td rowspan="1">1</td></tr><tr class="failedeven"><td rowspan="1">tests.TestNGTests.MyBookingParisCheckRatingCssNGTest</td><td><a href="#m11">myBookingParisCheckRatingCss</a></td><td rowspan="1">1714159361529</td><td rowspan="1">1</td></tr><tr class="failedodd"><td rowspan="1">tests.TestNGTests.MyBookingParisCheckRatingXPathNGTest</td><td><a href="#m12">myBookingParisCheckRatingXPath</a></td><td rowspan="1">1714159361531</td><td rowspan="1">1</td></tr><tr class="failedeven"><td rowspan="5">tests.TestNGTests.MyDemoQATasksNGTest</td><td><a href="#m13">demoQATasksMultiselectDropDown</a></td><td rowspan="1">1714159361534</td><td rowspan="1">0</td></tr><tr class="failedeven"><td><a href="#m14">demoQATasksOldStyleSelectMenu</a></td><td rowspan="1">1714159361535</td><td rowspan="1">1</td></tr><tr class="failedeven"><td><a href="#m15">demoQATasksSelectOne</a></td><td rowspan="1">1714159361536</td><td rowspan="1">1</td></tr><tr class="failedeven"><td><a href="#m16">demoQATasksSelectValue</a></td><td rowspan="1">1714159361537</td><td rowspan="1">1</td></tr><tr class="failedeven"><td><a href="#m17">demoQATasksStandardMultiSelect</a></td><td rowspan="1">1714159361538</td><td rowspan="1">1</td></tr><tr class="failedodd"><td rowspan="1">tests.TestNGTests.MyW3schoolsAndGoogleSearchNGTest</td><td><a href="#m18">myW3schoolsAndGoogleSearch</a></td><td rowspan="1">1714159361540</td><td rowspan="1">1</td></tr><tr><th colspan="4">Booking tests &#8212; passed</th></tr><tr class="passedeven"><td rowspan="1">tests.TestNGTests.MyBookingHoverCheckNGTest</td><td><a href="#m19">checkCheckAltTextCurrency</a></td><td rowspan="1">1714159339780</td><td rowspan="1">7712</td></tr></tbody>
</table>
<h2>Booking tests</h2><h3 id="m0">tests.TestNGTests.MyBookingLondonScreenshotsNGTest#closeDriver</h3><table class="result"><tr><th>Exception</th></tr><tr><td><div class="stacktrace">java.lang.NullPointerException: Cannot invoke &quot;org.openqa.selenium.WebDriver.quit()&quot; because &quot;driver.Driver.driver&quot; is null
	at driver.Driver.destroy(Driver.java:54)
	at tests.BaseStepsTestNG.closeDriver(BaseStepsTestNG.java:22)
	at java.base/java.util.ArrayList.forEach(ArrayList.java:1596)
	at runners.BookingTestNGXMLRunner.main(BookingTestNGXMLRunner.java:17)
... Removed 21 stack frames</div></td></tr></table><p class="totop"><a href="#summary">back to summary</a></p>
<h3 id="m1">tests.TestNGTests.MyBookingMaxRatingCssNGTest#closeDriver</h3><table class="result"><tr><th>Exception</th></tr><tr><td><div class="stacktrace">java.lang.NullPointerException: Cannot invoke &quot;org.openqa.selenium.WebDriver.quit()&quot; because &quot;driver.Driver.driver&quot; is null
	at driver.Driver.destroy(Driver.java:54)
	at tests.BaseStepsTestNG.closeDriver(BaseStepsTestNG.java:22)
	at java.base/java.util.ArrayList.forEach(ArrayList.java:1596)
	at runners.BookingTestNGXMLRunner.main(BookingTestNGXMLRunner.java:17)
... Removed 21 stack frames</div></td></tr></table><p class="totop"><a href="#summary">back to summary</a></p>
<h3 id="m2">tests.TestNGTests.MyBookingMaxRatingXPathNGTest#closeDriver</h3><table class="result"><tr><th>Exception</th></tr><tr><td><div class="stacktrace">java.lang.NullPointerException: Cannot invoke &quot;org.openqa.selenium.WebDriver.quit()&quot; because &quot;driver.Driver.driver&quot; is null
	at driver.Driver.destroy(Driver.java:54)
	at tests.BaseStepsTestNG.closeDriver(BaseStepsTestNG.java:22)
	at java.base/java.util.ArrayList.forEach(ArrayList.java:1596)
	at runners.BookingTestNGXMLRunner.main(BookingTestNGXMLRunner.java:17)
... Removed 21 stack frames</div></td></tr></table><p class="totop"><a href="#summary">back to summary</a></p>
<h3 id="m3">tests.TestNGTests.MyBookingParisCheckRatingCssNGTest#closeDriver</h3><table class="result"><tr><th>Exception</th></tr><tr><td><div class="stacktrace">java.lang.NullPointerException: Cannot invoke &quot;org.openqa.selenium.WebDriver.quit()&quot; because &quot;driver.Driver.driver&quot; is null
	at driver.Driver.destroy(Driver.java:54)
	at tests.BaseStepsTestNG.closeDriver(BaseStepsTestNG.java:22)
	at java.base/java.util.ArrayList.forEach(ArrayList.java:1596)
	at runners.BookingTestNGXMLRunner.main(BookingTestNGXMLRunner.java:17)
... Removed 21 stack frames</div></td></tr></table><p class="totop"><a href="#summary">back to summary</a></p>
<h3 id="m4">tests.TestNGTests.MyBookingParisCheckRatingXPathNGTest#closeDriver</h3><table class="result"><tr><th>Exception</th></tr><tr><td><div class="stacktrace">java.lang.NullPointerException: Cannot invoke &quot;org.openqa.selenium.WebDriver.quit()&quot; because &quot;driver.Driver.driver&quot; is null
	at driver.Driver.destroy(Driver.java:54)
	at tests.BaseStepsTestNG.closeDriver(BaseStepsTestNG.java:22)
	at java.base/java.util.ArrayList.forEach(ArrayList.java:1596)
	at runners.BookingTestNGXMLRunner.main(BookingTestNGXMLRunner.java:17)
... Removed 21 stack frames</div></td></tr></table><p class="totop"><a href="#summary">back to summary</a></p>
<h3 id="m5">tests.TestNGTests.MyDemoQATasksNGTest#closeDriver</h3><table class="result"><tr><th>Exception</th></tr><tr><td><div class="stacktrace">java.lang.NullPointerException: Cannot invoke &quot;org.openqa.selenium.WebDriver.quit()&quot; because &quot;driver.Driver.driver&quot; is null
	at driver.Driver.destroy(Driver.java:54)
	at tests.BaseStepsTestNG.closeDriver(BaseStepsTestNG.java:22)
	at java.base/java.util.ArrayList.forEach(ArrayList.java:1596)
	at runners.BookingTestNGXMLRunner.main(BookingTestNGXMLRunner.java:17)
... Removed 21 stack frames</div></td></tr></table><p class="totop"><a href="#summary">back to summary</a></p>
<h3 id="m6">tests.TestNGTests.MyW3schoolsAndGoogleSearchNGTest#closeDriver</h3><table class="result"><tr><th>Exception</th></tr><tr><td><div class="stacktrace">java.lang.NullPointerException: Cannot invoke &quot;org.openqa.selenium.WebDriver.quit()&quot; because &quot;driver.Driver.driver&quot; is null
	at driver.Driver.destroy(Driver.java:54)
	at tests.BaseStepsTestNG.closeDriver(BaseStepsTestNG.java:22)
	at java.base/java.util.ArrayList.forEach(ArrayList.java:1596)
	at runners.BookingTestNGXMLRunner.main(BookingTestNGXMLRunner.java:17)
... Removed 21 stack frames</div></td></tr></table><p class="totop"><a href="#summary">back to summary</a></p>
<h3 id="m7">tests.TestNGTests.MyBookingHoverCheckNGTest#checkCheckAltTextLanguage</h3><table class="result"><tr><th>Exception</th></tr><tr><td><div class="stacktrace">org.openqa.selenium.TimeoutException: Expected condition failed: waiting for visibility of element located by By.xpath: //button[@id=&apos;onetrust-accept-btn-handler&apos;] (tried for 10 second(s) with 500 milliseconds interval)
Build info: version: &apos;4.19.1&apos;, revision: &apos;abe0ee07dc&apos;
System info: os.name: &apos;Windows 11&apos;, os.arch: &apos;amd64&apos;, os.version: &apos;10.0&apos;, java.version: &apos;21.0.2&apos;
Driver info: org.openqa.selenium.chrome.ChromeDriver
Capabilities {acceptInsecureCerts: false, browserName: chrome, browserVersion: 124.0.6367.79, chrome: {chromedriverVersion: 124.0.6367.78 (a087f2dd364d..., userDataDir: C:\Users\andre\AppData\Loca...}, fedcm:accounts: true, goog:chromeOptions: {debuggerAddress: localhost:53144}, networkConnectionEnabled: false, pageLoadStrategy: normal, platformName: windows, proxy: Proxy(), se:cdp: ws://localhost:53144/devtoo..., se:cdpVersion: 124.0.6367.79, setWindowRect: true, strictFileInteractability: false, timeouts: {implicit: 0, pageLoad: 300000, script: 30000}, unhandledPromptBehavior: dismiss and notify, webauthn:extension:credBlob: true, webauthn:extension:largeBlob: true, webauthn:extension:minPinLength: true, webauthn:extension:prf: true, webauthn:virtualAuthenticators: true}
Session ID: 1a655686057f7565bc2c12ad8ee62541
	at org.openqa.selenium.support.ui.WebDriverWait.timeoutException(WebDriverWait.java:84)
	at org.openqa.selenium.support.ui.FluentWait.until(FluentWait.java:228)
	at utils.ExplicitElementWait.waitForElementXPath(ExplicitElementWait.java:14)
	at pages.booking.BookingHomePageXPath.acceptCookies(BookingHomePageXPath.java:28)
	at tests.TestNGTests.MyBookingHoverCheckNGTest.checkCheckAltTextLanguage(MyBookingHoverCheckNGTest.java:28)
	at java.base/java.util.ArrayList.forEach(ArrayList.java:1596)
	at runners.BookingTestNGXMLRunner.main(BookingTestNGXMLRunner.java:17)
... Removed 22 stack frames</div></td></tr></table><p class="totop"><a href="#summary">back to summary</a></p>
<h3 id="m8">tests.TestNGTests.MyBookingLondonScreenshotsNGTest#checkMyBookingLondonScreenshots</h3><table class="result"><tr><th>Exception</th></tr><tr><td><div class="stacktrace">org.openqa.selenium.NoSuchSessionException: Session ID is null. Using WebDriver after calling quit()?
Build info: version: &apos;4.19.1&apos;, revision: &apos;abe0ee07dc&apos;
System info: os.name: &apos;Windows 11&apos;, os.arch: &apos;amd64&apos;, os.version: &apos;10.0&apos;, java.version: &apos;21.0.2&apos;
Driver info: org.openqa.selenium.chrome.ChromeDriver
Command: [null, get {url=https://booking.com}]
Capabilities {acceptInsecureCerts: false, browserName: chrome, browserVersion: 124.0.6367.79, chrome: {chromedriverVersion: 124.0.6367.78 (a087f2dd364d..., userDataDir: C:\Users\andre\AppData\Loca...}, fedcm:accounts: true, goog:chromeOptions: {debuggerAddress: localhost:53144}, networkConnectionEnabled: false, pageLoadStrategy: normal, platformName: windows, proxy: Proxy(), se:cdp: ws://localhost:53144/devtoo..., se:cdpVersion: 124.0.6367.79, setWindowRect: true, strictFileInteractability: false, timeouts: {implicit: 0, pageLoad: 300000, script: 30000}, unhandledPromptBehavior: dismiss and notify, webauthn:extension:credBlob: true, webauthn:extension:largeBlob: true, webauthn:extension:minPinLength: true, webauthn:extension:prf: true, webauthn:virtualAuthenticators: true}
	at org.openqa.selenium.remote.HttpCommandExecutor.execute(HttpCommandExecutor.java:151)
	at org.openqa.selenium.remote.service.DriverCommandExecutor.invokeExecute(DriverCommandExecutor.java:216)
	at org.openqa.selenium.remote.service.DriverCommandExecutor.execute(DriverCommandExecutor.java:174)
	at org.openqa.selenium.remote.RemoteWebDriver.execute(RemoteWebDriver.java:518)
	at org.openqa.selenium.remote.RemoteWebDriver.get(RemoteWebDriver.java:300)
	at pages.booking.BookingHomePageXPath.navigateToBookingPage(BookingHomePageXPath.java:24)
	at tests.TestNGTests.MyBookingLondonScreenshotsNGTest.checkMyBookingLondonScreenshots(MyBookingLondonScreenshotsNGTest.java:15)
	at java.base/java.util.ArrayList.forEach(ArrayList.java:1596)
	at runners.BookingTestNGXMLRunner.main(BookingTestNGXMLRunner.java:17)
... Removed 22 stack frames</div></td></tr></table><p class="totop"><a href="#summary">back to summary</a></p>
<h3 id="m9">tests.TestNGTests.MyBookingMaxRatingCssNGTest#checkBookingMaxRatingCss</h3><table class="result"><tr><th>Exception</th></tr><tr><td><div class="stacktrace">org.openqa.selenium.NoSuchSessionException: Session ID is null. Using WebDriver after calling quit()?
Build info: version: &apos;4.19.1&apos;, revision: &apos;abe0ee07dc&apos;
System info: os.name: &apos;Windows 11&apos;, os.arch: &apos;amd64&apos;, os.version: &apos;10.0&apos;, java.version: &apos;21.0.2&apos;
Driver info: org.openqa.selenium.chrome.ChromeDriver
Command: [null, get {url=https://booking.com}]
Capabilities {acceptInsecureCerts: false, browserName: chrome, browserVersion: 124.0.6367.79, chrome: {chromedriverVersion: 124.0.6367.78 (a087f2dd364d..., userDataDir: C:\Users\andre\AppData\Loca...}, fedcm:accounts: true, goog:chromeOptions: {debuggerAddress: localhost:53144}, networkConnectionEnabled: false, pageLoadStrategy: normal, platformName: windows, proxy: Proxy(), se:cdp: ws://localhost:53144/devtoo..., se:cdpVersion: 124.0.6367.79, setWindowRect: true, strictFileInteractability: false, timeouts: {implicit: 0, pageLoad: 300000, script: 30000}, unhandledPromptBehavior: dismiss and notify, webauthn:extension:credBlob: true, webauthn:extension:largeBlob: true, webauthn:extension:minPinLength: true, webauthn:extension:prf: true, webauthn:virtualAuthenticators: true}
	at org.openqa.selenium.remote.HttpCommandExecutor.execute(HttpCommandExecutor.java:151)
	at org.openqa.selenium.remote.service.DriverCommandExecutor.invokeExecute(DriverCommandExecutor.java:216)
	at org.openqa.selenium.remote.service.DriverCommandExecutor.execute(DriverCommandExecutor.java:174)
	at org.openqa.selenium.remote.RemoteWebDriver.execute(RemoteWebDriver.java:518)
	at org.openqa.selenium.remote.RemoteWebDriver.get(RemoteWebDriver.java:300)
	at pages.booking.BookingHomePageCss.navigateToBookingPage(BookingHomePageCss.java:27)
	at tests.TestNGTests.MyBookingMaxRatingCssNGTest.checkBookingMaxRatingCss(MyBookingMaxRatingCssNGTest.java:19)
	at java.base/java.util.ArrayList.forEach(ArrayList.java:1596)
	at runners.BookingTestNGXMLRunner.main(BookingTestNGXMLRunner.java:17)
... Removed 22 stack frames</div></td></tr></table><p class="totop"><a href="#summary">back to summary</a></p>
<h3 id="m10">tests.TestNGTests.MyBookingMaxRatingXPathNGTest#checkBookingMaxRatingXPath</h3><table class="result"><tr><th>Exception</th></tr><tr><td><div class="stacktrace">org.openqa.selenium.NoSuchSessionException: Session ID is null. Using WebDriver after calling quit()?
Build info: version: &apos;4.19.1&apos;, revision: &apos;abe0ee07dc&apos;
System info: os.name: &apos;Windows 11&apos;, os.arch: &apos;amd64&apos;, os.version: &apos;10.0&apos;, java.version: &apos;21.0.2&apos;
Driver info: org.openqa.selenium.chrome.ChromeDriver
Command: [null, get {url=https://booking.com}]
Capabilities {acceptInsecureCerts: false, browserName: chrome, browserVersion: 124.0.6367.79, chrome: {chromedriverVersion: 124.0.6367.78 (a087f2dd364d..., userDataDir: C:\Users\andre\AppData\Loca...}, fedcm:accounts: true, goog:chromeOptions: {debuggerAddress: localhost:53144}, networkConnectionEnabled: false, pageLoadStrategy: normal, platformName: windows, proxy: Proxy(), se:cdp: ws://localhost:53144/devtoo..., se:cdpVersion: 124.0.6367.79, setWindowRect: true, strictFileInteractability: false, timeouts: {implicit: 0, pageLoad: 300000, script: 30000}, unhandledPromptBehavior: dismiss and notify, webauthn:extension:credBlob: true, webauthn:extension:largeBlob: true, webauthn:extension:minPinLength: true, webauthn:extension:prf: true, webauthn:virtualAuthenticators: true}
	at org.openqa.selenium.remote.HttpCommandExecutor.execute(HttpCommandExecutor.java:151)
	at org.openqa.selenium.remote.service.DriverCommandExecutor.invokeExecute(DriverCommandExecutor.java:216)
	at org.openqa.selenium.remote.service.DriverCommandExecutor.execute(DriverCommandExecutor.java:174)
	at org.openqa.selenium.remote.RemoteWebDriver.execute(RemoteWebDriver.java:518)
	at org.openqa.selenium.remote.RemoteWebDriver.get(RemoteWebDriver.java:300)
	at pages.booking.BookingHomePageXPath.navigateToBookingPage(BookingHomePageXPath.java:24)
	at tests.TestNGTests.MyBookingMaxRatingXPathNGTest.checkBookingMaxRatingXPath(MyBookingMaxRatingXPathNGTest.java:20)
	at java.base/java.util.ArrayList.forEach(ArrayList.java:1596)
	at runners.BookingTestNGXMLRunner.main(BookingTestNGXMLRunner.java:17)
... Removed 22 stack frames</div></td></tr></table><p class="totop"><a href="#summary">back to summary</a></p>
<h3 id="m11">tests.TestNGTests.MyBookingParisCheckRatingCssNGTest#myBookingParisCheckRatingCss</h3><table class="result"><tr><th>Exception</th></tr><tr><td><div class="stacktrace">org.openqa.selenium.NoSuchSessionException: Session ID is null. Using WebDriver after calling quit()?
Build info: version: &apos;4.19.1&apos;, revision: &apos;abe0ee07dc&apos;
System info: os.name: &apos;Windows 11&apos;, os.arch: &apos;amd64&apos;, os.version: &apos;10.0&apos;, java.version: &apos;21.0.2&apos;
Driver info: org.openqa.selenium.chrome.ChromeDriver
Command: [null, get {url=https://booking.com}]
Capabilities {acceptInsecureCerts: false, browserName: chrome, browserVersion: 124.0.6367.79, chrome: {chromedriverVersion: 124.0.6367.78 (a087f2dd364d..., userDataDir: C:\Users\andre\AppData\Loca...}, fedcm:accounts: true, goog:chromeOptions: {debuggerAddress: localhost:53144}, networkConnectionEnabled: false, pageLoadStrategy: normal, platformName: windows, proxy: Proxy(), se:cdp: ws://localhost:53144/devtoo..., se:cdpVersion: 124.0.6367.79, setWindowRect: true, strictFileInteractability: false, timeouts: {implicit: 0, pageLoad: 300000, script: 30000}, unhandledPromptBehavior: dismiss and notify, webauthn:extension:credBlob: true, webauthn:extension:largeBlob: true, webauthn:extension:minPinLength: true, webauthn:extension:prf: true, webauthn:virtualAuthenticators: true}
	at org.openqa.selenium.remote.HttpCommandExecutor.execute(HttpCommandExecutor.java:151)
	at org.openqa.selenium.remote.service.DriverCommandExecutor.invokeExecute(DriverCommandExecutor.java:216)
	at org.openqa.selenium.remote.service.DriverCommandExecutor.execute(DriverCommandExecutor.java:174)
	at org.openqa.selenium.remote.RemoteWebDriver.execute(RemoteWebDriver.java:518)
	at org.openqa.selenium.remote.RemoteWebDriver.get(RemoteWebDriver.java:300)
	at pages.booking.BookingHomePageCss.navigateToBookingPage(BookingHomePageCss.java:27)
	at tests.TestNGTests.MyBookingParisCheckRatingCssNGTest.myBookingParisCheckRatingCss(MyBookingParisCheckRatingCssNGTest.java:16)
	at java.base/java.util.ArrayList.forEach(ArrayList.java:1596)
	at runners.BookingTestNGXMLRunner.main(BookingTestNGXMLRunner.java:17)
... Removed 22 stack frames</div></td></tr></table><p class="totop"><a href="#summary">back to summary</a></p>
<h3 id="m12">tests.TestNGTests.MyBookingParisCheckRatingXPathNGTest#myBookingParisCheckRatingXPath</h3><table class="result"><tr><th>Exception</th></tr><tr><td><div class="stacktrace">org.openqa.selenium.NoSuchSessionException: Session ID is null. Using WebDriver after calling quit()?
Build info: version: &apos;4.19.1&apos;, revision: &apos;abe0ee07dc&apos;
System info: os.name: &apos;Windows 11&apos;, os.arch: &apos;amd64&apos;, os.version: &apos;10.0&apos;, java.version: &apos;21.0.2&apos;
Driver info: org.openqa.selenium.chrome.ChromeDriver
Command: [null, get {url=https://booking.com}]
Capabilities {acceptInsecureCerts: false, browserName: chrome, browserVersion: 124.0.6367.79, chrome: {chromedriverVersion: 124.0.6367.78 (a087f2dd364d..., userDataDir: C:\Users\andre\AppData\Loca...}, fedcm:accounts: true, goog:chromeOptions: {debuggerAddress: localhost:53144}, networkConnectionEnabled: false, pageLoadStrategy: normal, platformName: windows, proxy: Proxy(), se:cdp: ws://localhost:53144/devtoo..., se:cdpVersion: 124.0.6367.79, setWindowRect: true, strictFileInteractability: false, timeouts: {implicit: 0, pageLoad: 300000, script: 30000}, unhandledPromptBehavior: dismiss and notify, webauthn:extension:credBlob: true, webauthn:extension:largeBlob: true, webauthn:extension:minPinLength: true, webauthn:extension:prf: true, webauthn:virtualAuthenticators: true}
	at org.openqa.selenium.remote.HttpCommandExecutor.execute(HttpCommandExecutor.java:151)
	at org.openqa.selenium.remote.service.DriverCommandExecutor.invokeExecute(DriverCommandExecutor.java:216)
	at org.openqa.selenium.remote.service.DriverCommandExecutor.execute(DriverCommandExecutor.java:174)
	at org.openqa.selenium.remote.RemoteWebDriver.execute(RemoteWebDriver.java:518)
	at org.openqa.selenium.remote.RemoteWebDriver.get(RemoteWebDriver.java:300)
	at pages.booking.BookingHomePageXPath.navigateToBookingPage(BookingHomePageXPath.java:24)
	at tests.TestNGTests.MyBookingParisCheckRatingXPathNGTest.myBookingParisCheckRatingXPath(MyBookingParisCheckRatingXPathNGTest.java:17)
	at java.base/java.util.ArrayList.forEach(ArrayList.java:1596)
	at runners.BookingTestNGXMLRunner.main(BookingTestNGXMLRunner.java:17)
... Removed 22 stack frames</div></td></tr></table><p class="totop"><a href="#summary">back to summary</a></p>
<h3 id="m13">tests.TestNGTests.MyDemoQATasksNGTest#demoQATasksMultiselectDropDown</h3><table class="result"><tr><th>Exception</th></tr><tr><td><div class="stacktrace">org.openqa.selenium.NoSuchSessionException: Session ID is null. Using WebDriver after calling quit()?
Build info: version: &apos;4.19.1&apos;, revision: &apos;abe0ee07dc&apos;
System info: os.name: &apos;Windows 11&apos;, os.arch: &apos;amd64&apos;, os.version: &apos;10.0&apos;, java.version: &apos;21.0.2&apos;
Driver info: org.openqa.selenium.chrome.ChromeDriver
Command: [null, get {url=https://demoqa.com/select-menu}]
Capabilities {acceptInsecureCerts: false, browserName: chrome, browserVersion: 124.0.6367.79, chrome: {chromedriverVersion: 124.0.6367.78 (a087f2dd364d..., userDataDir: C:\Users\andre\AppData\Loca...}, fedcm:accounts: true, goog:chromeOptions: {debuggerAddress: localhost:53144}, networkConnectionEnabled: false, pageLoadStrategy: normal, platformName: windows, proxy: Proxy(), se:cdp: ws://localhost:53144/devtoo..., se:cdpVersion: 124.0.6367.79, setWindowRect: true, strictFileInteractability: false, timeouts: {implicit: 0, pageLoad: 300000, script: 30000}, unhandledPromptBehavior: dismiss and notify, webauthn:extension:credBlob: true, webauthn:extension:largeBlob: true, webauthn:extension:minPinLength: true, webauthn:extension:prf: true, webauthn:virtualAuthenticators: true}
	at org.openqa.selenium.remote.HttpCommandExecutor.execute(HttpCommandExecutor.java:151)
	at org.openqa.selenium.remote.service.DriverCommandExecutor.invokeExecute(DriverCommandExecutor.java:216)
	at org.openqa.selenium.remote.service.DriverCommandExecutor.execute(DriverCommandExecutor.java:174)
	at org.openqa.selenium.remote.RemoteWebDriver.execute(RemoteWebDriver.java:518)
	at org.openqa.selenium.remote.RemoteWebDriver.get(RemoteWebDriver.java:300)
	at pages.demoqa.DemoQASelectPage.navigateToDemoQAPage(DemoQASelectPage.java:18)
	at tests.TestNGTests.MyDemoQATasksNGTest.demoQATasksMultiselectDropDown(MyDemoQATasksNGTest.java:54)
	at java.base/java.util.ArrayList.forEach(ArrayList.java:1596)
	at runners.BookingTestNGXMLRunner.main(BookingTestNGXMLRunner.java:17)
... Removed 22 stack frames</div></td></tr></table><p class="totop"><a href="#summary">back to summary</a></p>
<h3 id="m14">tests.TestNGTests.MyDemoQATasksNGTest#demoQATasksOldStyleSelectMenu</h3><table class="result"><tr><th>Exception</th></tr><tr><td><div class="stacktrace">org.openqa.selenium.NoSuchSessionException: Session ID is null. Using WebDriver after calling quit()?
Build info: version: &apos;4.19.1&apos;, revision: &apos;abe0ee07dc&apos;
System info: os.name: &apos;Windows 11&apos;, os.arch: &apos;amd64&apos;, os.version: &apos;10.0&apos;, java.version: &apos;21.0.2&apos;
Driver info: org.openqa.selenium.chrome.ChromeDriver
Command: [null, get {url=https://demoqa.com/select-menu}]
Capabilities {acceptInsecureCerts: false, browserName: chrome, browserVersion: 124.0.6367.79, chrome: {chromedriverVersion: 124.0.6367.78 (a087f2dd364d..., userDataDir: C:\Users\andre\AppData\Loca...}, fedcm:accounts: true, goog:chromeOptions: {debuggerAddress: localhost:53144}, networkConnectionEnabled: false, pageLoadStrategy: normal, platformName: windows, proxy: Proxy(), se:cdp: ws://localhost:53144/devtoo..., se:cdpVersion: 124.0.6367.79, setWindowRect: true, strictFileInteractability: false, timeouts: {implicit: 0, pageLoad: 300000, script: 30000}, unhandledPromptBehavior: dismiss and notify, webauthn:extension:credBlob: true, webauthn:extension:largeBlob: true, webauthn:extension:minPinLength: true, webauthn:extension:prf: true, webauthn:virtualAuthenticators: true}
	at org.openqa.selenium.remote.HttpCommandExecutor.execute(HttpCommandExecutor.java:151)
	at org.openqa.selenium.remote.service.DriverCommandExecutor.invokeExecute(DriverCommandExecutor.java:216)
	at org.openqa.selenium.remote.service.DriverCommandExecutor.execute(DriverCommandExecutor.java:174)
	at org.openqa.selenium.remote.RemoteWebDriver.execute(RemoteWebDriver.java:518)
	at org.openqa.selenium.remote.RemoteWebDriver.get(RemoteWebDriver.java:300)
	at pages.demoqa.DemoQASelectPage.navigateToDemoQAPage(DemoQASelectPage.java:18)
	at tests.TestNGTests.MyDemoQATasksNGTest.demoQATasksOldStyleSelectMenu(MyDemoQATasksNGTest.java:35)
	at java.base/java.util.ArrayList.forEach(ArrayList.java:1596)
	at runners.BookingTestNGXMLRunner.main(BookingTestNGXMLRunner.java:17)
... Removed 22 stack frames</div></td></tr></table><p class="totop"><a href="#summary">back to summary</a></p>
<h3 id="m15">tests.TestNGTests.MyDemoQATasksNGTest#demoQATasksSelectOne</h3><table class="result"><tr><th>Exception</th></tr><tr><td><div class="stacktrace">org.openqa.selenium.NoSuchSessionException: Session ID is null. Using WebDriver after calling quit()?
Build info: version: &apos;4.19.1&apos;, revision: &apos;abe0ee07dc&apos;
System info: os.name: &apos;Windows 11&apos;, os.arch: &apos;amd64&apos;, os.version: &apos;10.0&apos;, java.version: &apos;21.0.2&apos;
Driver info: org.openqa.selenium.chrome.ChromeDriver
Command: [null, get {url=https://demoqa.com/select-menu}]
Capabilities {acceptInsecureCerts: false, browserName: chrome, browserVersion: 124.0.6367.79, chrome: {chromedriverVersion: 124.0.6367.78 (a087f2dd364d..., userDataDir: C:\Users\andre\AppData\Loca...}, fedcm:accounts: true, goog:chromeOptions: {debuggerAddress: localhost:53144}, networkConnectionEnabled: false, pageLoadStrategy: normal, platformName: windows, proxy: Proxy(), se:cdp: ws://localhost:53144/devtoo..., se:cdpVersion: 124.0.6367.79, setWindowRect: true, strictFileInteractability: false, timeouts: {implicit: 0, pageLoad: 300000, script: 30000}, unhandledPromptBehavior: dismiss and notify, webauthn:extension:credBlob: true, webauthn:extension:largeBlob: true, webauthn:extension:minPinLength: true, webauthn:extension:prf: true, webauthn:virtualAuthenticators: true}
	at org.openqa.selenium.remote.HttpCommandExecutor.execute(HttpCommandExecutor.java:151)
	at org.openqa.selenium.remote.service.DriverCommandExecutor.invokeExecute(DriverCommandExecutor.java:216)
	at org.openqa.selenium.remote.service.DriverCommandExecutor.execute(DriverCommandExecutor.java:174)
	at org.openqa.selenium.remote.RemoteWebDriver.execute(RemoteWebDriver.java:518)
	at org.openqa.selenium.remote.RemoteWebDriver.get(RemoteWebDriver.java:300)
	at pages.demoqa.DemoQASelectPage.navigateToDemoQAPage(DemoQASelectPage.java:18)
	at tests.TestNGTests.MyDemoQATasksNGTest.demoQATasksSelectOne(MyDemoQATasksNGTest.java:24)
	at java.base/java.util.ArrayList.forEach(ArrayList.java:1596)
	at runners.BookingTestNGXMLRunner.main(BookingTestNGXMLRunner.java:17)
... Removed 22 stack frames</div></td></tr></table><p class="totop"><a href="#summary">back to summary</a></p>
<h3 id="m16">tests.TestNGTests.MyDemoQATasksNGTest#demoQATasksSelectValue</h3><table class="result"><tr><th>Exception</th></tr><tr><td><div class="stacktrace">org.openqa.selenium.NoSuchSessionException: Session ID is null. Using WebDriver after calling quit()?
Build info: version: &apos;4.19.1&apos;, revision: &apos;abe0ee07dc&apos;
System info: os.name: &apos;Windows 11&apos;, os.arch: &apos;amd64&apos;, os.version: &apos;10.0&apos;, java.version: &apos;21.0.2&apos;
Driver info: org.openqa.selenium.chrome.ChromeDriver
Command: [null, get {url=https://demoqa.com/select-menu}]
Capabilities {acceptInsecureCerts: false, browserName: chrome, browserVersion: 124.0.6367.79, chrome: {chromedriverVersion: 124.0.6367.78 (a087f2dd364d..., userDataDir: C:\Users\andre\AppData\Loca...}, fedcm:accounts: true, goog:chromeOptions: {debuggerAddress: localhost:53144}, networkConnectionEnabled: false, pageLoadStrategy: normal, platformName: windows, proxy: Proxy(), se:cdp: ws://localhost:53144/devtoo..., se:cdpVersion: 124.0.6367.79, setWindowRect: true, strictFileInteractability: false, timeouts: {implicit: 0, pageLoad: 300000, script: 30000}, unhandledPromptBehavior: dismiss and notify, webauthn:extension:credBlob: true, webauthn:extension:largeBlob: true, webauthn:extension:minPinLength: true, webauthn:extension:prf: true, webauthn:virtualAuthenticators: true}
	at org.openqa.selenium.remote.HttpCommandExecutor.execute(HttpCommandExecutor.java:151)
	at org.openqa.selenium.remote.service.DriverCommandExecutor.invokeExecute(DriverCommandExecutor.java:216)
	at org.openqa.selenium.remote.service.DriverCommandExecutor.execute(DriverCommandExecutor.java:174)
	at org.openqa.selenium.remote.RemoteWebDriver.execute(RemoteWebDriver.java:518)
	at org.openqa.selenium.remote.RemoteWebDriver.get(RemoteWebDriver.java:300)
	at pages.demoqa.DemoQASelectPage.navigateToDemoQAPage(DemoQASelectPage.java:18)
	at tests.TestNGTests.MyDemoQATasksNGTest.demoQATasksSelectValue(MyDemoQATasksNGTest.java:14)
	at java.base/java.util.ArrayList.forEach(ArrayList.java:1596)
	at runners.BookingTestNGXMLRunner.main(BookingTestNGXMLRunner.java:17)
... Removed 22 stack frames</div></td></tr></table><p class="totop"><a href="#summary">back to summary</a></p>
<h3 id="m17">tests.TestNGTests.MyDemoQATasksNGTest#demoQATasksStandardMultiSelect</h3><table class="result"><tr><th>Exception</th></tr><tr><td><div class="stacktrace">org.openqa.selenium.NoSuchSessionException: Session ID is null. Using WebDriver after calling quit()?
Build info: version: &apos;4.19.1&apos;, revision: &apos;abe0ee07dc&apos;
System info: os.name: &apos;Windows 11&apos;, os.arch: &apos;amd64&apos;, os.version: &apos;10.0&apos;, java.version: &apos;21.0.2&apos;
Driver info: org.openqa.selenium.chrome.ChromeDriver
Command: [null, get {url=https://demoqa.com/select-menu}]
Capabilities {acceptInsecureCerts: false, browserName: chrome, browserVersion: 124.0.6367.79, chrome: {chromedriverVersion: 124.0.6367.78 (a087f2dd364d..., userDataDir: C:\Users\andre\AppData\Loca...}, fedcm:accounts: true, goog:chromeOptions: {debuggerAddress: localhost:53144}, networkConnectionEnabled: false, pageLoadStrategy: normal, platformName: windows, proxy: Proxy(), se:cdp: ws://localhost:53144/devtoo..., se:cdpVersion: 124.0.6367.79, setWindowRect: true, strictFileInteractability: false, timeouts: {implicit: 0, pageLoad: 300000, script: 30000}, unhandledPromptBehavior: dismiss and notify, webauthn:extension:credBlob: true, webauthn:extension:largeBlob: true, webauthn:extension:minPinLength: true, webauthn:extension:prf: true, webauthn:virtualAuthenticators: true}
	at org.openqa.selenium.remote.HttpCommandExecutor.execute(HttpCommandExecutor.java:151)
	at org.openqa.selenium.remote.service.DriverCommandExecutor.invokeExecute(DriverCommandExecutor.java:216)
	at org.openqa.selenium.remote.service.DriverCommandExecutor.execute(DriverCommandExecutor.java:174)
	at org.openqa.selenium.remote.RemoteWebDriver.execute(RemoteWebDriver.java:518)
	at org.openqa.selenium.remote.RemoteWebDriver.get(RemoteWebDriver.java:300)
	at pages.demoqa.DemoQASelectPage.navigateToDemoQAPage(DemoQASelectPage.java:18)
	at tests.TestNGTests.MyDemoQATasksNGTest.demoQATasksStandardMultiSelect(MyDemoQATasksNGTest.java:44)
	at java.base/java.util.ArrayList.forEach(ArrayList.java:1596)
	at runners.BookingTestNGXMLRunner.main(BookingTestNGXMLRunner.java:17)
... Removed 22 stack frames</div></td></tr></table><p class="totop"><a href="#summary">back to summary</a></p>
<h3 id="m18">tests.TestNGTests.MyW3schoolsAndGoogleSearchNGTest#myW3schoolsAndGoogleSearch</h3><table class="result"><tr><th>Exception</th></tr><tr><td><div class="stacktrace">org.openqa.selenium.NoSuchSessionException: Session ID is null. Using WebDriver after calling quit()?
Build info: version: &apos;4.19.1&apos;, revision: &apos;abe0ee07dc&apos;
System info: os.name: &apos;Windows 11&apos;, os.arch: &apos;amd64&apos;, os.version: &apos;10.0&apos;, java.version: &apos;21.0.2&apos;
Driver info: org.openqa.selenium.chrome.ChromeDriver
Command: [null, get {url=https://www.w3schools.com/java/}]
Capabilities {acceptInsecureCerts: false, browserName: chrome, browserVersion: 124.0.6367.79, chrome: {chromedriverVersion: 124.0.6367.78 (a087f2dd364d..., userDataDir: C:\Users\andre\AppData\Loca...}, fedcm:accounts: true, goog:chromeOptions: {debuggerAddress: localhost:53144}, networkConnectionEnabled: false, pageLoadStrategy: normal, platformName: windows, proxy: Proxy(), se:cdp: ws://localhost:53144/devtoo..., se:cdpVersion: 124.0.6367.79, setWindowRect: true, strictFileInteractability: false, timeouts: {implicit: 0, pageLoad: 300000, script: 30000}, unhandledPromptBehavior: dismiss and notify, webauthn:extension:credBlob: true, webauthn:extension:largeBlob: true, webauthn:extension:minPinLength: true, webauthn:extension:prf: true, webauthn:virtualAuthenticators: true}
	at org.openqa.selenium.remote.HttpCommandExecutor.execute(HttpCommandExecutor.java:151)
	at org.openqa.selenium.remote.service.DriverCommandExecutor.invokeExecute(DriverCommandExecutor.java:216)
	at org.openqa.selenium.remote.service.DriverCommandExecutor.execute(DriverCommandExecutor.java:174)
	at org.openqa.selenium.remote.RemoteWebDriver.execute(RemoteWebDriver.java:518)
	at org.openqa.selenium.remote.RemoteWebDriver.get(RemoteWebDriver.java:300)
	at pages.w3cschool.W3CSchoolJavaTutorialPage.navigateToJavaTutorialW3CSchoolPage(W3CSchoolJavaTutorialPage.java:13)
	at tests.TestNGTests.MyW3schoolsAndGoogleSearchNGTest.myW3schoolsAndGoogleSearch(MyW3schoolsAndGoogleSearchNGTest.java:18)
	at java.base/java.util.ArrayList.forEach(ArrayList.java:1596)
	at runners.BookingTestNGXMLRunner.main(BookingTestNGXMLRunner.java:17)
... Removed 22 stack frames</div></td></tr></table><p class="totop"><a href="#summary">back to summary</a></p>
<h3 id="m19">tests.TestNGTests.MyBookingHoverCheckNGTest#checkCheckAltTextCurrency</h3><table class="result"><tr><th class="invisible"/></tr></table><p class="totop"><a href="#summary">back to summary</a></p>
</body>
</html>
